[ 2016-11-02T14:21:22+08:00 ] ::1 /mgotrip/mobile/mgocxjs/jquery-1.7.2.min.js
INFO: [ app_init ] --START--
INFO: Run Behavior\BuildLiteBehavior [ RunTime:0.000014s ]
INFO: [ app_init ] --END-- [ RunTime:0.000599s ]
ERR: 无法加载模块:Mgotrip

[ 2016-11-02T14:21:22+08:00 ] ::1 /mgotrip/mobile/mgocx_css/common.css
INFO: [ app_init ] --START--
INFO: Run Behavior\BuildLiteBehavior [ RunTime:0.000015s ]
INFO: [ app_init ] --END-- [ RunTime:0.000415s ]
ERR: 无法加载模块:Mgotrip

[ 2016-11-02T14:21:22+08:00 ] ::1 /mgotrip/mobile/mgocx_css/layer.js
INFO: [ app_init ] --START--
INFO: Run Behavior\BuildLiteBehavior [ RunTime:0.000017s ]
INFO: [ app_init ] --END-- [ RunTime:0.000525s ]
ERR: 无法加载模块:Mgotrip

[ 2016-11-02T14:21:22+08:00 ] ::1 /mgotrip/mobile/mgocx_css/need/layer.css
INFO: [ app_init ] --START--
INFO: Run Behavior\BuildLiteBehavior [ RunTime:0.000013s ]
INFO: [ app_init ] --END-- [ RunTime:0.000496s ]
ERR: 无法加载模块:Mgotrip

[ 2016-11-02T14:21:22+08:00 ] ::1 /mgotrip/mobile/mgocx_css/index.css
INFO: [ app_init ] --START--
INFO: Run Behavior\BuildLiteBehavior [ RunTime:0.000016s ]
INFO: [ app_init ] --END-- [ RunTime:0.000483s ]
ERR: 无法加载模块:Mgotrip

[ 2016-11-02T14:21:22+08:00 ] ::1 /mgotrip/mobile/mgocxjs/common.js
INFO: [ app_init ] --START--
INFO: Run Behavior\BuildLiteBehavior [ RunTime:0.000025s ]
INFO: [ app_init ] --END-- [ RunTime:0.000718s ]
ERR: 无法加载模块:Mgotrip

[ 2016-11-02T14:21:22+08:00 ] ::1 /mgotrip/mobile/mgocx_css/layer.js
INFO: [ app_init ] --START--
INFO: Run Behavior\BuildLiteBehavior [ RunTime:0.000009s ]
INFO: [ app_init ] --END-- [ RunTime:0.000266s ]
ERR: 无法加载模块:Mgotrip

[ 2016-11-02T14:21:22+08:00 ] ::1 /mgotrip/mobile/mgocxjs/common.js
INFO: [ app_init ] --START--
INFO: Run Behavior\BuildLiteBehavior [ RunTime:0.000014s ]
INFO: [ app_init ] --END-- [ RunTime:0.000406s ]
ERR: 无法加载模块:Mgotrip

[ 2016-11-02T14:21:22+08:00 ] ::1 /mgotrip/mobile/mgocx_css/index.css
INFO: [ app_init ] --START--
INFO: Run Behavior\BuildLiteBehavior [ RunTime:0.000010s ]
INFO: [ app_init ] --END-- [ RunTime:0.000475s ]
ERR: 无法加载模块:Mgotrip

p

[ 2016-11-02T14:21:22+08:00 ] ::1 /mgotrip/mobile/mgocxjs/jquery-1.7.2.min.js
INFO: [ app_init ] --START--
INFO: Run Behavior\BuildLiteBehavior [ RunTime:0.000016s ]
INFO: [ app_init ] --END-- [ RunTime:0.000419s ]
ERR: 无法加载模块:Mgotrip

[ 2016-11-02T14:21:22+08:00 ] ::1 /mgotrip/mobile/mgocx_css/common.css
INFO: [ app_init ] --START--
INFO: Run Behavior\BuildLiteBehavior [ RunTime:0.000015s ]
INFO: [ app_init ] --END-- [ RunTime:0.000408s ]
ERR: 无法加载模块:Mgotrip

[ 2016-11-02T14:21:22+08:00 ] ::1 /mgotrip/mobile/mgocx_css/layer.js
INFO: [ app_init ] --START--
INFO: Run Behavior\BuildLiteBehavior [ RunTime:0.000016s ]
INFO: [ app_init ] --END-- [ RunTime:0.000464s ]
ERR: 无法加载模块:Mgotrip

[ 2016-11-02T14:21:22+08:00 ] ::1 /mgotrip/mobile/mgocxjs/common.js
INFO: [ app_init ] --START--
INFO: Run Behavior\BuildLiteBehavior [ RunTime:0.000009s ]
INFO: [ app_init ] --END-- [ RunTime:0.000266s ]
ERR: 无法加载模块:Mgotrip

[ 2016-11-02T14:21:22+08:00 ] ::1 /mgotrip/mobile/mgocx_css/layer.js
INFO: [ app_init ] --START--
INFO: Run Behavior\BuildLiteBehavior [ RunTime:0.000010s ]
INFO: [ app_init ] --END-- [ RunTime:0.000280s ]
ERR: 无法加载模块:Mgotrip

[ 2016-11-02T14:21:23+08:00 ] ::1 /mgotrip/mobile/mgocxjs/jquery-1.7.2.min.js
INFO: [ app_init ] --START--
INFO: Run Behavior\BuildLiteBehavior [ RunTime:0.000015s ]
INFO: [ app_init ] --END-- [ RunTime:0.000516s ]
ERR: 无法加载模块:Mgotrip

[ 2016-11-02T14:21:23+08:00 ] ::1 /mgotrip/mobile/mgocx_css/index.css
INFO: [ app_init ] --START--
INFO: Run Behavior\BuildLiteBehavior [ RunTime:0.000022s ]
INFO: [ app_init ] --END-- [ RunTime:0.000525s ]
ERR: 无法加载模块:Mgotrip

[ 2016-11-02T14:21:23+08:00 ] ::1 /mgotrip/mobile/mgocx_css/need/layer.css
INFO: [ app_init ] --START--
INFO: Run Behavior\BuildLiteBehavior [ RunTime:0.000017s ]
INFO: [ app_init ] --END-- [ RunTime:0.001417s ]
ERR: 无法加载模块:Mgotrip

[ 2016-11-02T14:21:23+08:00 ] ::1 /mgotrip/mobile/mgocxjs/common.js
INFO: [ app_init ] --START--
INFO: Run Behavior\BuildLiteBehavior [ RunTime:0.000015s ]
INFO: [ app_init ] --END-- [ RunTime:0.000519s ]
ERR: 无法加载模块:Mgotrip

[ 2016-11-02T14:21:23+08:00 ] ::1 /mgotrip/mobile/mgocx_css/common.css
INFO: [ app_init ] --START--
INFO: Run Behavior\BuildLiteBehavior [ RunTime:0.000017s ]
INFO: [ app_init ] --END-- [ RunTime:0.000743s ]
ERR: 无法加载模块:Mgotrip

[ 2016-11-02T14:21:23+08:00 ] ::1 /mgotrip/mobile/mgocx_css/layer.js
INFO: [ app_init ] --START--
INFO: Run Behavior\BuildLiteBehavior [ RunTime:0.000016s ]
INFO: [ app_init ] --END-- [ RunTime:0.000471s ]
ERR: 无法加载模块:Mgotrip

[ 2016-11-02T14:21:23+08:00 ] ::1 /mgotrip/mobile/mgocxjs/common.js
INFO: [ app_init ] --START--
INFO: Run Behavior\BuildLiteBehavior [ RunTime:0.000009s ]
INFO: [ app_init ] --END-- [ RunTime:0.000275s ]
ERR: 无法加载模块:Mgotrip

[ 2016-11-02T14:21:23+08:00 ] ::1 /mgotrip/mobile/mgocx_css/layer.js
INFO: [ app_init ] --START--
INFO: Run Behavior\BuildLiteBehavior [ RunTime:0.000009s ]
INFO: [ app_init ] --END-- [ RunTime:0.000295s ]
ERR: 无法加载模块:Mgotrip

[ 2016-11-02T14:21:23+08:00 ] ::1 /mgotrip/mobile/mgocx_css/common.css
INFO: [ app_init ] --START--
INFO: Run Behavior\BuildLiteBehavior [ RunTime:0.000015s ]
INFO: [ app_init ] --END-- [ RunTime:0.000507s ]
ERR: 无法加载模块:Mgotrip

[ 2016-11-02T14:21:23+08:00 ] ::1 /mgotrip/mobile/mgocx_css/layer.js
INFO: [ app_init ] --START--
INFO: Run Behavior\BuildLiteBehavior [ RunTime:0.000017s ]
INFO: [ app_init ] --END-- [ RunTime:0.000743s ]
ERR: 无法加载模块:Mgotrip

ip

[ 2016-11-02T14:21:23+08:00 ] ::1 /mgotrip/mobile/mgocx_css/index.css
INFO: [ app_init ] --START--
INFO: Run Behavior\BuildLiteBehavior [ RunTime:0.000011s ]
INFO: [ app_init ] --END-- [ RunTime:0.000323s ]
ERR: 无法加载模块:Mgotrip

[ 2016-11-02T14:21:23+08:00 ] ::1 /mgotrip/mobile/mgocxjs/jquery-1.7.2.min.js
INFO: [ app_init ] --START--
INFO: Run Behavior\BuildLiteBehavior [ RunTime:0.000010s ]
INFO: [ app_init ] --END-- [ RunTime:0.000353s ]
ERR: 无法加载模块:Mgotrip

[ 2016-11-02T14:21:23+08:00 ] ::1 /mgotrip/mobile/mgocxjs/common.js
INFO: [ app_init ] --START--
INFO: Run Behavior\BuildLiteBehavior [ RunTime:0.000020s ]
INFO: [ app_init ] --END-- [ RunTime:0.000389s ]
ERR: 无法加载模块:Mgotrip

[ 2016-11-02T14:21:23+08:00 ] ::1 /mgotrip/mobile/mgocx_css/layer.js
INFO: [ app_init ] --START--
INFO: Run Behavior\BuildLiteBehavior [ RunTime:0.000010s ]
INFO: [ app_init ] --END-- [ RunTime:0.000348s ]
ERR: 无法加载模块:Mgotrip

[ 2016-11-02T14:21:24+08:00 ] ::1 /mgotrip/mobile/mgocx_css/need/layer.css
INFO: [ app_init ] --START--
INFO: Run Behavior\BuildLiteBehavior [ RunTime:0.000024s ]
INFO: [ app_init ] --END-- [ RunTime:0.000703s ]
ERR: 无法加载模块:Mgotrip

[ 2016-11-02T14:21:24+08:00 ] ::1 /mgotrip/mobile/mgocx_css/common.css
INFO: [ app_init ] --START--
INFO: Run Behavior\BuildLiteBehavior [ RunTime:0.000025s ]
INFO: [ app_init ] --END-- [ RunTime:0.000878s ]
ERR: 无法加载模块:Mgotrip

[ 2016-11-02T14:21:24+08:00 ] ::1 /mgotrip/mobile/mgocxjs/common.js
INFO: [ app_init ] --START--
INFO: Run Behavior\BuildLiteBehavior [ RunTime:0.000027s ]
INFO: [ app_init ] --END-- [ RunTime:0.000705s ]
ERR: 无法加载模块:Mgotrip

[ 2016-11-02T14:21:24+08:00 ] ::1 /mgotrip/mobile/mgocx_css/index.css
INFO: [ app_init ] --START--
INFO: Run Behavior\BuildLiteBehavior [ RunTime:0.000019s ]
INFO: [ app_init ] --END-- [ RunTime:0.000404s ]
ERR: 无法加载模块:Mgotrip

[ 2016-11-02T14:21:24+08:00 ] ::1 /mgotrip/mobile/mgocxjs/jquery-1.7.2.min.js
INFO: [ app_init ] --START--
INFO: Run Behavior\BuildLiteBehavior [ RunTime:0.000015s ]
INFO: [ app_init ] --END-- [ RunTime:0.000534s ]
ERR: 无法加载模块:Mgotrip

[ 2016-11-02T14:21:24+08:00 ] ::1 /mgotrip/mobile/mgocxjs/common.js
INFO: [ app_init ] --START--
INFO: Run Behavior\BuildLiteBehavior [ RunTime:0.000008s ]
INFO: [ app_init ] --END-- [ RunTime:0.000345s ]
ERR: 无法加载模块:Mgotrip

[ 2016-11-02T14:21:24+08:00 ] ::1 /mgotrip/mobile/mgocx_css/layer.js
INFO: [ app_init ] --START--
INFO: Run Behavior\BuildLiteBehavior [ RunTime:0.000026s ]
INFO: [ app_init ] --END-- [ RunTime:0.000505s ]
ERR: 无法加载模块:Mgotrip

[ 2016-11-02T14:21:24+08:00 ] ::1 /mgotrip/mobile/mgocx_css/common.css
INFO: [ app_init ] --START--
INFO: Run Behavior\BuildLiteBehavior [ RunTime:0.000013s ]
INFO: [ app_init ] --END-- [ RunTime:0.000401s ]
ERR: 无法加载模块:Mgotrip

[ 2016-11-02T14:21:24+08:00 ] ::1 /mgotrip/mobile/mgocx_css/index.css
INFO: [ app_init ] --START--
INFO: Run Behavior\BuildLiteBehavior [ RunTime:0.000015s ]
INFO: [ app_init ] --END-- [ RunTime:0.000416s ]
ERR: 无法加载模块:Mgotrip

[ 2016-11-02T14:21:24+08:00 ] ::1 /mgotrip/mobile/mgocx_css/need/layer.css
INFO: [ app_init ] --START--
INFO: Run Behavior\BuildLiteBehavior [ RunTime:0.000015s ]
INFO: [ app_init ] --END-- [ RunTime:0.000525s ]
ERR: 无法加载模块:Mgotrip

[ 2016-11-02T14:21:24+08:00 ] ::1 /mgotrip/mobile/mgocx_css/layer.js
INFO: [ app_init ] --START--
INFO: Run Behavior\BuildLiteBehavior [ RunTime:0.000014s ]
INFO: [ app_init ] --END-- [ RunTime:0.000459s ]
ERR: 无法加载模块:Mgotrip

otrip

[ 2016-11-02T14:21:24+08:00 ] ::1 /mgotrip/mobile/mgocxjs/common.js
INFO: [ app_init ] --START--
INFO: Run Behavior\BuildLiteBehavior [ RunTime:0.000013s ]
INFO: [ app_init ] --END-- [ RunTime:0.000370s ]
ERR: 无法加载模块:Mgotrip

[ 2016-11-02T14:21:24+08:00 ] ::1 /mgotrip/mobile/mgocx_css/layer.js
INFO: [ app_init ] --START--
INFO: Run Behavior\BuildLiteBehavior [ RunTime:0.000010s ]
INFO: [ app_init ] --END-- [ RunTime:0.000333s ]
ERR: 无法加载模块:Mgotrip

[ 2016-11-02T14:21:24+08:00 ] ::1 /mgotrip/mobile/mgocxjs/common.js
INFO: [ app_init ] --START--
INFO: Run Behavior\BuildLiteBehavior [ RunTime:0.000014s ]
INFO: [ app_init ] --END-- [ RunTime:0.000496s ]
ERR: 无法加载模块:Mgotrip


[ 2016-11-02T14:21:24+08:00 ] ::1 /mgotrip/mobile/mgocx_css/common.css
INFO: [ app_init ] --START--
INFO: Run Behavior\BuildLiteBehavior [ RunTime:0.000021s ]
INFO: [ app_init ] --END-- [ RunTime:0.000507s ]
ERR: 无法加载模块:Mgotrip

[ 2016-11-02T14:21:24+08:00 ] ::1 /mgotrip/mobile/mgocx_css/need/layer.css
INFO: [ app_init ] --START--
INFO: Run Behavior\BuildLiteBehavior [ RunTime:0.000015s ]
INFO: [ app_init ] --END-- [ RunTime:0.000596s ]
ERR: 无法加载模块:Mgotrip

[ 2016-11-02T14:21:25+08:00 ] ::1 /mgotrip/mobile/mgocxjs/jquery-1.7.2.min.js
INFO: [ app_init ] --START--
INFO: Run Behavior\BuildLiteBehavior [ RunTime:0.000019s ]
INFO: [ app_init ] --END-- [ RunTime:0.000486s ]
ERR: 无法加载模块:Mgotrip

[ 2016-11-02T14:21:25+08:00 ] ::1 /mgotrip/mobile/mgocx_css/index.css
INFO: [ app_init ] --START--
INFO: Run Behavior\BuildLiteBehavior [ RunTime:0.000015s ]
INFO: [ app_init ] --END-- [ RunTime:0.000519s ]
ERR: 无法加载模块:Mgotrip

[ 2016-11-02T14:21:25+08:00 ] ::1 /mgotrip/mobile/mgocxjs/common.js
INFO: [ app_init ] --START--
INFO: Run Behavior\BuildLiteBehavior [ RunTime:0.000009s ]
INFO: [ app_init ] --END-- [ RunTime:0.000276s ]
ERR: 无法加载模块:Mgotrip

[ 2016-11-02T14:21:25+08:00 ] ::1 /mgotrip/mobile/mgocx_css/layer.js
INFO: [ app_init ] --START--
INFO: Run Behavior\BuildLiteBehavior [ RunTime:0.000011s ]
INFO: [ app_init ] --END-- [ RunTime:0.000271s ]
ERR: 无法加载模块:Mgotrip

[ 2016-11-02T14:21:25+08:00 ] ::1 /mgotrip/mobile/mgocxjs/jquery-1.7.2.min.js
INFO: [ app_init ] --START--
INFO: Run Behavior\BuildLiteBehavior [ RunTime:0.000021s ]
INFO: [ app_init ] --END-- [ RunTime:0.000541s ]
ERR: 无法加载模块:Mgotrip

[ 2016-11-02T14:21:25+08:00 ] ::1 /mgotrip/mobile/mgocx_css/layer.js
INFO: [ app_init ] --START--
INFO: Run Behavior\BuildLiteBehavior [ RunTime:0.000016s ]
INFO: [ app_init ] --END-- [ RunTime:0.001319s ]
ERR: 无法加载模块:Mgotrip

[ 2016-11-02T14:21:25+08:00 ] ::1 /mgotrip/mobile/mgocx_css/index.css
INFO: [ app_init ] --START--
INFO: Run Behavior\BuildLiteBehavior [ RunTime:0.000015s ]
INFO: [ app_init ] --END-- [ RunTime:0.000445s ]
ERR: 无法加载模块:Mgotrip

p

[ 2016-11-02T14:21:25+08:00 ] ::1 /mgotrip/mobile/mgocxjs/common.js
INFO: [ app_init ] --START--
INFO: Run Behavior\BuildLiteBehavior [ RunTime:0.000015s ]
INFO: [ app_init ] --END-- [ RunTime:0.000418s ]
ERR: 无法加载模块:Mgotrip

[ 2016-11-02T14:21:25+08:00 ] ::1 /mgotrip/mobile/mgocx_css/common.css
INFO: [ app_init ] --START--
INFO: Run Behavior\BuildLiteBehavior [ RunTime:0.000015s ]
INFO: [ app_init ] --END-- [ RunTime:0.000885s ]
ERR: 无法加载模块:Mgotrip

[ 2016-11-02T14:21:25+08:00 ] ::1 /mgotrip/mobile/mgocxjs/common.js
INFO: [ app_init ] --START--
INFO: Run Behavior\BuildLiteBehavior [ RunTime:0.000010s ]
INFO: [ app_init ] --END-- [ RunTime:0.000273s ]
ERR: 无法加载模块:Mgotrip

[ 2016-11-02T14:21:25+08:00 ] ::1 /mgotrip/mobile/mgocx_css/layer.js
INFO: [ app_init ] --START--
INFO: Run Behavior\BuildLiteBehavior [ RunTime:0.000009s ]
INFO: [ app_init ] --END-- [ RunTime:0.000269s ]
ERR: 无法加载模块:Mgotrip

[ 2016-11-02T14:21:25+08:00 ] ::1 /mgotrip/mobile/mgocx_css/common.css
INFO: [ app_init ] --START--
INFO: Run Behavior\BuildLiteBehavior [ RunTime:0.000016s ]
INFO: [ app_init ] --END-- [ RunTime:0.000416s ]
ERR: 无法加载模块:Mgotrip



[ 2016-11-02T14:21:25+08:00 ] ::1 /mgotrip/mobile/mgocxjs/common.js
INFO: [ app_init ] --START--
INFO: Run Behavior\BuildLiteBehavior [ RunTime:0.000014s ]
INFO: [ app_init ] --END-- [ RunTime:0.000441s ]
ERR: 无法加载模块:Mgotrip

[ 2016-11-02T14:21:25+08:00 ] ::1 /mgotrip/mobile/mgocx_css/index.css
INFO: [ app_init ] --START--
INFO: Run Behavior\BuildLiteBehavior [ RunTime:0.000096s ]
INFO: [ app_init ] --END-- [ RunTime:0.001335s ]
ERR: 无法加载模块:Mgotrip

[ 2016-11-02T14:21:25+08:00 ] ::1 /mgotrip/mobile/mgocx_css/layer.js
INFO: [ app_init ] --START--
INFO: Run Behavior\BuildLiteBehavior [ RunTime:0.000021s ]
INFO: [ app_init ] --END-- [ RunTime:0.001107s ]
ERR: 无法加载模块:Mgotrip

[ 2016-11-02T14:21:25+08:00 ] ::1 /mgotrip/mobile/mgocxjs/jquery-1.7.2.min.js
INFO: [ app_init ] --START--
INFO: Run Behavior\BuildLiteBehavior [ RunTime:0.000016s ]
INFO: [ app_init ] --END-- [ RunTime:0.000577s ]
ERR: 无法加载模块:Mgotrip

[ 2016-11-02T14:21:25+08:00 ] ::1 /mgotrip/mobile/mgocxjs/common.js
INFO: [ app_init ] --START--
INFO: Run Behavior\BuildLiteBehavior [ RunTime:0.000009s ]
INFO: [ app_init ] --END-- [ RunTime:0.000344s ]
ERR: 无法加载模块:Mgotrip

[ 2016-11-02T14:21:25+08:00 ] ::1 /mgotrip/mobile/mgocx_css/layer.js
INFO: [ app_init ] --START--
INFO: Run Behavior\BuildLiteBehavior [ RunTime:0.000010s ]
INFO: [ app_init ] --END-- [ RunTime:0.000342s ]
ERR: 无法加载模块:Mgotrip

[ 2016-11-02T14:21:25+08:00 ] ::1 /mgotrip/mobile/mgocx_css/common.css
INFO: [ app_init ] --START--
INFO: Run Behavior\BuildLiteBehavior [ RunTime:0.000012s ]
INFO: [ app_init ] --END-- [ RunTime:0.000482s ]
ERR: 无法加载模块:Mgotrip

[ 2016-11-02T14:21:25+08:00 ] ::1 /mgotrip/mobile/mgocxjs/jquery-1.7.2.min.js
INFO: [ app_init ] --START--
INFO: Run Behavior\BuildLiteBehavior [ RunTime:0.000013s ]
INFO: [ app_init ] --END-- [ RunTime:0.000404s ]
ERR: 无法加载模块:Mgotrip

[ 2016-11-02T14:21:25+08:00 ] ::1 /mgotrip/mobile/mgocx_css/layer.js
INFO: [ app_init ] --START--
INFO: Run Behavior\BuildLiteBehavior [ RunTime:0.000021s ]
INFO: [ app_init ] --END-- [ RunTime:0.000508s ]
ERR: 无法加载模块:Mgotrip


[ 2016-11-02T14:21:25+08:00 ] ::1 /mgotrip/mobile/mgocxjs/common.js
INFO: [ app_init ] --START--
INFO: Run Behavior\BuildLiteBehavior [ RunTime:0.000014s ]
INFO: [ app_init ] --END-- [ RunTime:0.000401s ]
ERR: 无法加载模块:Mgotrip

[ 2016-11-02T14:21:25+08:00 ] ::1 /mgotrip/mobile/mgocx_css/need/layer.css
INFO: [ app_init ] --START--
INFO: Run Behavior\BuildLiteBehavior [ RunTime:0.000019s ]
INFO: [ app_init ] --END-- [ RunTime:0.000540s ]
ERR: 无法加载模块:Mgotrip

[ 2016-11-02T14:21:25+08:00 ] ::1 /mgotrip/mobile/mgocxjs/common.js
INFO: [ app_init ] --START--
INFO: Run Behavior\BuildLiteBehavior [ RunTime:0.000013s ]
INFO: [ app_init ] --END-- [ RunTime:0.000311s ]
ERR: 无法加载模块:Mgotrip

[ 2016-11-02T14:21:25+08:00 ] ::1 /mgotrip/mobile/mgocx_css/layer.js
INFO: [ app_init ] --START--
INFO: Run Behavior\BuildLiteBehavior [ RunTime:0.000023s ]
INFO: [ app_init ] --END-- [ RunTime:0.000539s ]
ERR: 无法加载模块:Mgotrip

[ 2016-11-02T14:21:25+08:00 ] ::1 /mgotrip/mobile/mgocxjs/common.js
INFO: [ app_init ] --START--
INFO: Run Behavior\BuildLiteBehavior [ RunTime:0.000014s ]
INFO: [ app_init ] --END-- [ RunTime:0.000410s ]
ERR: 无法加载模块:Mgotrip

[ 2016-11-02T14:21:25+08:00 ] ::1 /mgotrip/mobile/mgocx_css/layer.js
INFO: [ app_init ] --START--
INFO: Run Behavior\BuildLiteBehavior [ RunTime:0.000017s ]
INFO: [ app_init ] --END-- [ RunTime:0.000510s ]
ERR: 无法加载模块:Mgotrip

[ 2016-11-02T14:21:25+08:00 ] ::1 /mgotrip/mobile/mgocxjs/jquery-1.7.2.min.js
INFO: [ app_init ] --START--
INFO: Run Behavior\BuildLiteBehavior [ RunTime:0.000016s ]
INFO: [ app_init ] --END-- [ RunTime:0.000407s ]
ERR: 无法加载模块:Mgotrip

[ 2016-11-02T14:21:25+08:00 ] ::1 /mgotrip/mobile/mgocx_css/index.css
INFO: [ app_init ] --START--
INFO: Run Behavior\BuildLiteBehavior [ RunTime:0.000014s ]
INFO: [ app_init ] --END-- [ RunTime:0.000498s ]
ERR: 无法加载模块:Mgotrip

[ 2016-11-02T14:21:25+08:00 ] ::1 /mgotrip/mobile/mgocx_css/need/layer.css
INFO: [ app_init ] --START--
INFO: Run Behavior\BuildLiteBehavior [ RunTime:0.000063s ]
INFO: [ app_init ] --END-- [ RunTime:0.000851s ]
ERR: 无法加载模块:Mgotrip

[ 2016-11-02T14:21:25+08:00 ] ::1 /mgotrip/mobile/mgocx_css/common.css
INFO: [ app_init ] --START--
INFO: Run Behavior\BuildLiteBehavior [ RunTime:0.000009s ]
INFO: [ app_init ] --END-- [ RunTime:0.000325s ]
ERR: 无法加载模块:Mgotrip

[ 2016-11-02T14:21:25+08:00 ] ::1 /mgotrip/mobile/mgocxjs/common.js
INFO: [ app_init ] --START--
INFO: Run Behavior\BuildLiteBehavior [ RunTime:0.000009s ]
INFO: [ app_init ] --END-- [ RunTime:0.000296s ]
ERR: 无法加载模块:Mgotrip

[ 2016-11-02T14:21:25+08:00 ] ::1 /mgotrip/mobile/mgocx_css/layer.js
INFO: [ app_init ] --START--
INFO: Run Behavior\BuildLiteBehavior [ RunTime:0.000010s ]
INFO: [ app_init ] --END-- [ RunTime:0.000275s ]
ERR: 无法加载模块:Mgotrip

[ 2016-11-02T14:21:29+08:00 ] ::1 /mgotrip/mobile/mgocx_css/need/layer.css
INFO: [ app_init ] --START--
INFO: Run Behavior\BuildLiteBehavior [ RunTime:0.000019s ]
INFO: [ app_init ] --END-- [ RunTime:0.000529s ]
ERR: 无法加载模块:Mgotrip

[ 2016-11-02T14:21:29+08:00 ] ::1 /mgotrip/mobile/mgocx_css/index.css
INFO: [ app_init ] --START--
INFO: Run Behavior\BuildLiteBehavior [ RunTime:0.000015s ]
INFO: [ app_init ] --END-- [ RunTime:0.000524s ]
ERR: 无法加载模块:Mgotrip

[ 2016-11-02T14:21:29+08:00 ] ::1 /mgotrip/mobile/mgocx_css/common.css
INFO: [ app_init ] --START--
INFO: Run Behavior\BuildLiteBehavior [ RunTime:0.000342s ]
INFO: [ app_init ] --END-- [ RunTime:0.001054s ]
ERR: 无法加载模块:Mgotrip

[ 2016-11-02T14:22:50+08:00 ] ::1 /mgotrip/mobile/Public/js/mgotrip//layer.js
INFO: [ app_init ] --START--
INFO: Run Behavior\BuildLiteBehavior [ RunTime:0.000020s ]
INFO: [ app_init ] --END-- [ RunTime:0.000464s ]
ERR: 无法加载模块:Mgotrip

[ 2016-11-02T14:22:50+08:00 ] ::1 /mgotrip/mobile/Public/css/mgotrip/images/map.png
INFO: [ app_init ] --START--
INFO: Run Behavior\BuildLiteBehavior [ RunTime:0.000016s ]
INFO: [ app_init ] --END-- [ RunTime:0.000791s ]
ERR: 无法加载模块:Mgotrip

[ 2016-11-02T14:22:50+08:00 ] ::1 /mgotrip/mobile/Public/css/mgotrip/images/end.png
INFO: [ app_init ] --START--
INFO: Run Behavior\BuildLiteBehavior [ RunTime:0.000022s ]
INFO: [ app_init ] --END-- [ RunTime:0.000443s ]
ERR: 无法加载模块:Mgotrip

[ 2016-11-02T14:22:50+08:00 ] ::1 /mgotrip/mobile/Public/css/mgotrip/images/start.png
INFO: [ app_init ] --START--
INFO: Run Behavior\BuildLiteBehavior [ RunTime:0.000025s ]
INFO: [ app_init ] --END-- [ RunTime:0.000523s ]
ERR: 无法加载模块:Mgotrip

[ 2016-11-02T14:22:50+08:00 ] ::1 /mgotrip/mobile/Public/css/mgotrip/images/login.png
INFO: [ app_init ] --START--
INFO: Run Behavior\BuildLiteBehavior [ RunTime:0.000032s ]
INFO: [ app_init ] --END-- [ RunTime:0.000850s ]
ERR: 无法加载模块:Mgotrip

[ 2016-11-02T14:22:52+08:00 ] ::1 /mgotrip/mobile/origin.html
INFO: [ app_init ] --START--
INFO: Run Behavior\BuildLiteBehavior [ RunTime:0.000011s ]
INFO: [ app_init ] --END-- [ RunTime:0.000353s ]
ERR: 无法加载模块:Mgotrip

[ 2016-11-02T14:26:07+08:00 ] ::1 /mgotrip/mobile/Public/css/mgotrip/images/btn-close.png
INFO: [ app_init ] --START--
INFO: Run Behavior\BuildLiteBehavior [ RunTime:0.000010s ]
INFO: [ app_init ] --END-- [ RunTime:0.000353s ]
ERR: 无法加载模块:Mgotrip

[ 2016-11-02T15:22:08+08:00 ] ::1 /mgotrip/mobile/origin.html
INFO: [ app_init ] --START--
INFO: Run Behavior\BuildLiteBehavior [ RunTime:0.000011s ]
INFO: [ app_init ] --END-- [ RunTime:0.000392s ]
ERR: 无法加载模块:Mgotrip

[ 2016-11-02T15:22:11+08:00 ] ::1 /mgotrip/mobile/origin.html
INFO: [ app_init ] --START--
INFO: Run Behavior\BuildLiteBehavior [ RunTime:0.000012s ]
INFO: [ app_init ] --END-- [ RunTime:0.000323s ]
ERR: 无法加载模块:Mgotrip

[ 2016-11-02T15:22:50+08:00 ] ::1 /mgotrip/mobile/destination.html
INFO: [ app_init ] --START--
INFO: Run Behavior\BuildLiteBehavior [ RunTime:0.000010s ]
INFO: [ app_init ] --END-- [ RunTime:0.000323s ]
ERR: 无法加载模块:Mgotrip

[ 2016-11-02T15:23:45+08:00 ] ::1 /mgotrip/mobile/next_step_1.html
INFO: [ app_init ] --START--
INFO: Run Behavior\BuildLiteBehavior [ RunTime:0.000011s ]
INFO: [ app_init ] --END-- [ RunTime:0.000331s ]
ERR: 无法加载模块:Mgotrip

[ 2016-11-02T15:47:13+08:00 ] ::1 /mgotrip/mobile/next_step_1.html
INFO: [ app_init ] --START--
INFO: Run Behavior\BuildLiteBehavior [ RunTime:0.000011s ]
INFO: [ app_init ] --END-- [ RunTime:0.000390s ]
ERR: 无法加载模块:Mgotrip

[ 2016-11-02T16:49:00+08:00 ] ::1 /mgotrip/mobile/Public/poshytip/tip-yellowsimple/tip-yellowsimple.css
INFO: [ app_init ] --START--
INFO: Run Behavior\BuildLiteBehavior [ RunTime:0.000014s ]
INFO: [ app_init ] --END-- [ RunTime:0.000466s ]
ERR: 无法加载模块:Mgotrip

[ 2016-11-02T16:49:00+08:00 ] ::1 /mgotrip/mobile/Public/poshytip/jquery.poshytip.js
INFO: [ app_init ] --START--
INFO: Run Behavior\BuildLiteBehavior [ RunTime:0.000021s ]
INFO: [ app_init ] --END-- [ RunTime:0.000676s ]
ERR: 无法加载模块:Mgotrip

[ 2016-11-02T16:49:00+08:00 ] ::1 /mgotrip/mobile/Public/poshytip/tip-yellowsimple/tip-yellowsimple.css
INFO: [ app_init ] --START--
INFO: Run Behavior\BuildLiteBehavior [ RunTime:0.000014s ]
INFO: [ app_init ] --END-- [ RunTime:0.000412s ]
ERR: 无法加载模块:Mgotrip

[ 2016-11-02T16:49:01+08:00 ] ::1 /mgotrip/mobile/Public/poshytip/jquery.poshytip.js
INFO: [ app_init ] --START--
INFO: Run Behavior\BuildLiteBehavior [ RunTime:0.000020s ]
INFO: [ app_init ] --END-- [ RunTime:0.000600s ]
ERR: 无法加载模块:Mgotrip

[ 2016-11-02T16:49:01+08:00 ] ::1 /mgotrip/mobile/Public/poshytip/tip-yellowsimple/tip-yellowsimple.css
INFO: [ app_init ] --START--
INFO: Run Behavior\BuildLiteBehavior [ RunTime:0.000018s ]
INFO: [ app_init ] --END-- [ RunTime:0.000712s ]
ERR: 无法加载模块:Mgotrip

[ 2016-11-02T16:50:22+08:00 ] ::1 /mgotrip/mobile/Public/poshytip/tip-yellowsimple/tip-yellowsimple.css
INFO: [ app_init ] --START--
INFO: Run Behavior\BuildLiteBehavior [ RunTime:0.000017s ]
INFO: [ app_init ] --END-- [ RunTime:0.000444s ]
ERR: 无法加载模块:Mgotrip

[ 2016-11-02T16:50:22+08:00 ] ::1 /mgotrip/mobile/Public/poshytip/jquery.poshytip.js
INFO: [ app_init ] --START--
INFO: Run Behavior\BuildLiteBehavior [ RunTime:0.000014s ]
INFO: [ app_init ] --END-- [ RunTime:0.000560s ]
ERR: 无法加载模块:Mgotrip

[ 2016-11-02T16:50:22+08:00 ] ::1 /mgotrip/mobile/Public/poshytip/tip-yellowsimple/tip-yellowsimple.css
INFO: [ app_init ] --START--
INFO: Run Behavior\BuildLiteBehavior [ RunTime:0.000010s ]
INFO: [ app_init ] --END-- [ RunTime:0.000370s ]
ERR: 无法加载模块:Mgotrip

[ 2016-11-02T16:50:23+08:00 ] ::1 /mgotrip/mobile/Public/poshytip/jquery.poshytip.js
INFO: [ app_init ] --START--
INFO: Run Behavior\BuildLiteBehavior [ RunTime:0.000016s ]
INFO: [ app_init ] --END-- [ RunTime:0.000539s ]
ERR: 无法加载模块:Mgotrip

[ 2016-11-02T16:50:23+08:00 ] ::1 /mgotrip/mobile/Public/poshytip/tip-yellowsimple/tip-yellowsimple.css
INFO: [ app_init ] --START--
INFO: Run Behavior\BuildLiteBehavior [ RunTime:0.000033s ]
INFO: [ app_init ] --END-- [ RunTime:0.001154s ]
ERR: 无法加载模块:Mgotrip

[ 2016-11-02T16:50:23+08:00 ] ::1 /mgotrip/mobile/Public/poshytip/jquery.poshytip.js
INFO: [ app_init ] --START--
INFO: Run Behavior\BuildLiteBehavior [ RunTime:0.000012s ]
INFO: [ app_init ] --END-- [ RunTime:0.000500s ]
ERR: 无法加载模块:Mgotrip

[ 2016-11-02T17:02:10+08:00 ] ::1 /mgotrip/mobile/Public/poshytip/jquery.poshytip.js
INFO: [ app_init ] --START--
INFO: Run Behavior\BuildLiteBehavior [ RunTime:0.000020s ]
INFO: [ app_init ] --END-- [ RunTime:0.000619s ]
ERR: 无法加载模块:Mgotrip

[ 2016-11-02T17:02:10+08:00 ] ::1 /mgotrip/mobile/Public/poshytip/tip-yellowsimple/tip-yellowsimple.css
INFO: [ app_init ] --START--
INFO: Run Behavior\BuildLiteBehavior [ RunTime:0.000015s ]
INFO: [ app_init ] --END-- [ RunTime:0.000588s ]
ERR: 无法加载模块:Mgotrip

[ 2016-11-02T17:02:12+08:00 ] ::1 /mgotrip/mobile/Public/poshytip/tip-yellowsimple/tip-yellowsimple.css
INFO: [ app_init ] --START--
INFO: Run Behavior\BuildLiteBehavior [ RunTime:0.000014s ]
INFO: [ app_init ] --END-- [ RunTime:0.000574s ]
ERR: 无法加载模块:Mgotrip

[ 2016-11-02T17:02:12+08:00 ] ::1 /mgotrip/mobile/Public/poshytip/jquery.poshytip.js
INFO: [ app_init ] --START--
INFO: Run Behavior\BuildLiteBehavior [ RunTime:0.000018s ]
INFO: [ app_init ] --END-- [ RunTime:0.000590s ]
ERR: 无法加载模块:Mgotrip

[ 2016-11-02T18:20:01+08:00 ] ::1 /mgotrip/mobile/Public/mgotrip/poshytip/includes/jquery.poshytip.js
INFO: [ app_init ] --START--
INFO: Run Behavior\BuildLiteBehavior [ RunTime:0.000011s ]
INFO: [ app_init ] --END-- [ RunTime:0.000386s ]
ERR: 无法加载模块:Mgotrip

